<?xml version="1.0" encoding="UTF-8"?>
<!-- Generated by org.testng.reporters.JUnitXMLReporter -->
<testsuite ignored="0" hostname="DESKTOP-PHE7HMR" failures="0" tests="3" name="Test" time="46.418" errors="0" timestamp="2024-04-20T09:20:31 IST">
  <testcase classname="Beauty.LaunchLakme_Test" name="Lakme" time="18.191"/>
  <testcase classname="Beauty.LaunchLoreal_Test" name="Loreal" time="13.164"/>
  <testcase classname="Beauty.LaunchNykaa_Test" name="Nyka" time="15.063"/>
</testsuite> <!-- Test -->
