<?xml version="1.0" encoding="UTF-8"?>
<!-- Generated by org.testng.reporters.JUnitXMLReporter -->
<testsuite ignored="0" hostname="DESKTOP-PHE7HMR" failures="0" tests="3" name="Test" time="54.426" errors="0" timestamp="2024-04-22T07:52:02 IST">
  <testcase classname="ecomerce.LaunchAjio_Test" name="Ajio" time="27.039"/>
  <testcase classname="ecomerce.LaunchMyntra_Test" name="Myntra" time="13.748"/>
  <testcase classname="ecomerce.LaunchAmazon_Test" name="Amazon" time="13.584"/>
</testsuite> <!-- Test -->
