<?xml version="1.0" encoding="UTF-8"?>
<testng-results ignored="0" total="1" passed="1" failed="0" skipped="0">
  <reporter-output>
  </reporter-output>
  <suite started-at="2024-04-19T00:10:56 IST" name="Default suite" finished-at="2024-04-19T00:11:12 IST" duration-ms="15217">
    <groups>
    </groups>
    <test started-at="2024-04-19T00:10:56 IST" name="Default test" finished-at="2024-04-19T00:11:12 IST" duration-ms="15217">
      <class name="food.LaunchKfc_Test">
        <test-method signature="Kfc()[pri:0, instance:food.LaunchKfc_Test@63021689]" started-at="2024-04-19T00:10:56 IST" name="Kfc" finished-at="2024-04-19T00:11:12 IST" duration-ms="15156" status="PASS">
          <reporter-output>
          </reporter-output>
        </test-method> <!-- Kfc -->
      </class> <!-- food.LaunchKfc_Test -->
    </test> <!-- Default test -->
  </suite> <!-- Default suite -->
</testng-results>
