<?xml version="1.0" encoding="UTF-8"?>
<!-- Generated by org.testng.reporters.JUnitXMLReporter -->
<testsuite ignored="0" hostname="DESKTOP-PHE7HMR" failures="1" tests="9" name="Surefire test" time="180.243" errors="0" timestamp="2024-04-22T08:06:11 IST">
  <testcase classname="Beauty.LaunchLakme_Test" name="Lakme" time="15.103">
    <failure type="java.lang.NullPointerException" message="null value in entry: url=null">
      <![CDATA[java.lang.NullPointerException: null value in entry: url=null
at com.google.common.collect.CollectPreconditions.checkEntryNotNull(CollectPreconditions.java:33)
at com.google.common.collect.SingletonImmutableBiMap.<init>(SingletonImmutableBiMap.java:43)
at com.google.common.collect.ImmutableBiMap.of(ImmutableBiMap.java:83)
at com.google.common.collect.ImmutableMap.of(ImmutableMap.java:130)
at org.openqa.selenium.remote.DriverCommand.GET(DriverCommand.java:191)
at org.openqa.selenium.remote.RemoteWebDriver.get(RemoteWebDriver.java:304)
at Beauty.LaunchLakme_Test.Lakme(LaunchLakme_Test.java:14)
at java.base/java.util.ArrayList.forEach(ArrayList.java:1511)
... Removed 32 stack frames]]>
    </failure>
  </testcase> <!-- Lakme -->
  <testcase classname="Beauty.LaunchLoreal_Test" name="Loreal" time="21.716"/>
  <testcase classname="Beauty.LaunchNykaa_Test" name="Nyka" time="27.887"/>
  <testcase classname="ecomerce.LaunchAjio_Test" name="Ajio" time="26.979"/>
  <testcase classname="ecomerce.LaunchAmazon_Test" name="Amazon" time="17.72"/>
  <testcase classname="ecomerce.LaunchMyntra_Test" name="Myntra" time="18.069"/>
  <testcase classname="food.LaunchKfc_Test" name="Kfc" time="18.679"/>
  <testcase classname="food.LaunchSwiggy_Test" name="Swiggy" time="17.087"/>
  <testcase classname="food.LaunchZomato_Test" name="Zomato" time="16.882"/>
</testsuite> <!-- Surefire test -->
