<?xml version="1.0" encoding="UTF-8"?>
<testng-results ignored="0" total="9" passed="8" failed="1" skipped="0">
  <reporter-output>
  </reporter-output>
  <suite started-at="2024-04-22T08:03:10 IST" name="Surefire suite" finished-at="2024-04-22T08:06:10 IST" duration-ms="180243">
    <groups>
    </groups>
    <test started-at="2024-04-22T08:03:10 IST" name="Surefire test" finished-at="2024-04-22T08:06:10 IST" duration-ms="180243">
      <class name="Beauty.LaunchLakme_Test">
        <test-method signature="Lakme()[pri:0, instance:Beauty.LaunchLakme_Test@2145433b]" started-at="2024-04-22T08:03:10 IST" name="Lakme" finished-at="2024-04-22T08:03:25 IST" duration-ms="15103" status="FAIL">
          <exception class="java.lang.NullPointerException">
            <message>
              <![CDATA[null value in entry: url=null]]>
            </message>
            <full-stacktrace>
              <![CDATA[java.lang.NullPointerException: null value in entry: url=null
at com.google.common.collect.CollectPreconditions.checkEntryNotNull(CollectPreconditions.java:33)
at com.google.common.collect.SingletonImmutableBiMap.<init>(SingletonImmutableBiMap.java:43)
at com.google.common.collect.ImmutableBiMap.of(ImmutableBiMap.java:83)
at com.google.common.collect.ImmutableMap.of(ImmutableMap.java:130)
at org.openqa.selenium.remote.DriverCommand.GET(DriverCommand.java:191)
at org.openqa.selenium.remote.RemoteWebDriver.get(RemoteWebDriver.java:304)
at Beauty.LaunchLakme_Test.Lakme(LaunchLakme_Test.java:14)
at java.base/jdk.internal.reflect.NativeMethodAccessorImpl.invoke0(Native Method)
at java.base/jdk.internal.reflect.NativeMethodAccessorImpl.invoke(NativeMethodAccessorImpl.java:77)
at java.base/jdk.internal.reflect.DelegatingMethodAccessorImpl.invoke(DelegatingMethodAccessorImpl.java:43)
at java.base/java.lang.reflect.Method.invoke(Method.java:568)
at org.testng.internal.MethodInvocationHelper.invokeMethod(MethodInvocationHelper.java:132)
at org.testng.internal.TestInvoker.invokeMethod(TestInvoker.java:599)
at org.testng.internal.TestInvoker.invokeTestMethod(TestInvoker.java:174)
at org.testng.internal.MethodRunner.runInSequence(MethodRunner.java:46)
at org.testng.internal.TestInvoker$MethodInvocationAgent.invoke(TestInvoker.java:822)
at org.testng.internal.TestInvoker.invokeTestMethods(TestInvoker.java:147)
at org.testng.internal.TestMethodWorker.invokeTestMethods(TestMethodWorker.java:146)
at org.testng.internal.TestMethodWorker.run(TestMethodWorker.java:128)
at java.base/java.util.ArrayList.forEach(ArrayList.java:1511)
at org.testng.TestRunner.privateRun(TestRunner.java:764)
at org.testng.TestRunner.run(TestRunner.java:585)
at org.testng.SuiteRunner.runTest(SuiteRunner.java:384)
at org.testng.SuiteRunner.runSequentially(SuiteRunner.java:378)
at org.testng.SuiteRunner.privateRun(SuiteRunner.java:337)
at org.testng.SuiteRunner.run(SuiteRunner.java:286)
at org.testng.SuiteRunnerWorker.runSuite(SuiteRunnerWorker.java:53)
at org.testng.SuiteRunnerWorker.run(SuiteRunnerWorker.java:96)
at org.testng.TestNG.runSuitesSequentially(TestNG.java:1218)
at org.testng.TestNG.runSuitesLocally(TestNG.java:1140)
at org.testng.TestNG.runSuites(TestNG.java:1069)
at org.testng.TestNG.run(TestNG.java:1037)
at org.apache.maven.surefire.testng.TestNGExecutor.run(TestNGExecutor.java:155)
at org.apache.maven.surefire.testng.TestNGDirectoryTestSuite.executeMulti(TestNGDirectoryTestSuite.java:169)
at org.apache.maven.surefire.testng.TestNGDirectoryTestSuite.execute(TestNGDirectoryTestSuite.java:88)
at org.apache.maven.surefire.testng.TestNGProvider.invoke(TestNGProvider.java:137)
at org.apache.maven.surefire.booter.ForkedBooter.runSuitesInProcess(ForkedBooter.java:385)
at org.apache.maven.surefire.booter.ForkedBooter.execute(ForkedBooter.java:162)
at org.apache.maven.surefire.booter.ForkedBooter.run(ForkedBooter.java:507)
at org.apache.maven.surefire.booter.ForkedBooter.main(ForkedBooter.java:495)
]]>
            </full-stacktrace>
          </exception> <!-- java.lang.NullPointerException -->
          <reporter-output>
          </reporter-output>
        </test-method> <!-- Lakme -->
      </class> <!-- Beauty.LaunchLakme_Test -->
      <class name="ecomerce.LaunchMyntra_Test">
        <test-method signature="Myntra()[pri:0, instance:ecomerce.LaunchMyntra_Test@3ec300f1]" started-at="2024-04-22T08:05:00 IST" name="Myntra" finished-at="2024-04-22T08:05:18 IST" duration-ms="18069" status="PASS">
          <reporter-output>
          </reporter-output>
        </test-method> <!-- Myntra -->
      </class> <!-- ecomerce.LaunchMyntra_Test -->
      <class name="food.LaunchKfc_Test">
        <test-method signature="Kfc()[pri:0, instance:food.LaunchKfc_Test@482cd91f]" started-at="2024-04-22T08:05:18 IST" name="Kfc" finished-at="2024-04-22T08:05:36 IST" duration-ms="18679" status="PASS">
          <reporter-output>
          </reporter-output>
        </test-method> <!-- Kfc -->
      </class> <!-- food.LaunchKfc_Test -->
      <class name="ecomerce.LaunchAjio_Test">
        <test-method signature="Ajio()[pri:0, instance:ecomerce.LaunchAjio_Test@1b083826]" started-at="2024-04-22T08:04:15 IST" name="Ajio" finished-at="2024-04-22T08:04:42 IST" duration-ms="26979" status="PASS">
          <reporter-output>
          </reporter-output>
        </test-method> <!-- Ajio -->
      </class> <!-- ecomerce.LaunchAjio_Test -->
      <class name="food.LaunchZomato_Test">
        <test-method signature="Zomato()[pri:0, instance:food.LaunchZomato_Test@7d68ef40]" started-at="2024-04-22T08:05:53 IST" name="Zomato" finished-at="2024-04-22T08:06:10 IST" duration-ms="16882" status="PASS">
          <reporter-output>
          </reporter-output>
        </test-method> <!-- Zomato -->
      </class> <!-- food.LaunchZomato_Test -->
      <class name="food.LaunchSwiggy_Test">
        <test-method signature="Swiggy()[pri:0, instance:food.LaunchSwiggy_Test@123f1134]" started-at="2024-04-22T08:05:36 IST" name="Swiggy" finished-at="2024-04-22T08:05:53 IST" duration-ms="17087" status="PASS">
          <reporter-output>
          </reporter-output>
        </test-method> <!-- Swiggy -->
      </class> <!-- food.LaunchSwiggy_Test -->
      <class name="Beauty.LaunchLoreal_Test">
        <test-method signature="Loreal()[pri:0, instance:Beauty.LaunchLoreal_Test@2890c451]" started-at="2024-04-22T08:03:25 IST" name="Loreal" finished-at="2024-04-22T08:03:47 IST" duration-ms="21716" status="PASS">
          <reporter-output>
          </reporter-output>
        </test-method> <!-- Loreal -->
      </class> <!-- Beauty.LaunchLoreal_Test -->
      <class name="Beauty.LaunchNykaa_Test">
        <test-method signature="Nyka()[pri:0, instance:Beauty.LaunchNykaa_Test@40e6dfe1]" started-at="2024-04-22T08:03:47 IST" name="Nyka" finished-at="2024-04-22T08:04:15 IST" duration-ms="27887" status="PASS">
          <reporter-output>
          </reporter-output>
        </test-method> <!-- Nyka -->
      </class> <!-- Beauty.LaunchNykaa_Test -->
      <class name="ecomerce.LaunchAmazon_Test">
        <test-method signature="Amazon()[pri:0, instance:ecomerce.LaunchAmazon_Test@105fece7]" started-at="2024-04-22T08:04:42 IST" name="Amazon" finished-at="2024-04-22T08:05:00 IST" duration-ms="17720" status="PASS">
          <reporter-output>
          </reporter-output>
        </test-method> <!-- Amazon -->
      </class> <!-- ecomerce.LaunchAmazon_Test -->
    </test> <!-- Surefire test -->
  </suite> <!-- Surefire suite -->
</testng-results>
